{"C:\\Users\\irons\\Desktop\\RecursiveRomanNumerals\\src\\roman-numeral-converter.js": {"path":"C:\\Users\\irons\\Desktop\\RecursiveRomanNumerals\\src\\roman-numeral-converter.js","statementMap":{"0":{"start":{"line":2,"column":0},"end":{"line":10,"column":1}},"1":{"start":{"line":12,"column":15},"end":{"line":12,"column":27}},"2":{"start":{"line":15,"column":0},"end":{"line":22,"column":1}},"3":{"start":{"line":25,"column":0},"end":{"line":29,"column":1}},"4":{"start":{"line":32,"column":2},"end":{"line":32,"column":32}},"5":{"start":{"line":35,"column":0},"end":{"line":39,"column":1}},"6":{"start":{"line":44,"column":16},"end":{"line":44,"column":40}},"7":{"start":{"line":45,"column":2},"end":{"line":52,"column":3}},"8":{"start":{"line":47,"column":6},"end":{"line":47,"column":27}},"9":{"start":{"line":49,"column":6},"end":{"line":49,"column":43}},"10":{"start":{"line":51,"column":6},"end":{"line":51,"column":59}},"11":{"start":{"line":56,"column":2},"end":{"line":59,"column":3}},"12":{"start":{"line":58,"column":4},"end":{"line":58,"column":11}},"13":{"start":{"line":60,"column":14},"end":{"line":60,"column":34}},"14":{"start":{"line":61,"column":2},"end":{"line":61,"column":29}},"15":{"start":{"line":61,"column":19},"end":{"line":61,"column":29}},"16":{"start":{"line":62,"column":2},"end":{"line":79,"column":3}},"17":{"start":{"line":64,"column":4},"end":{"line":69,"column":5}},"18":{"start":{"line":65,"column":6},"end":{"line":65,"column":106}},"19":{"start":{"line":68,"column":6},"end":{"line":68,"column":55}},"20":{"start":{"line":72,"column":4},"end":{"line":78,"column":5}},"21":{"start":{"line":73,"column":6},"end":{"line":73,"column":81}},"22":{"start":{"line":76,"column":25},"end":{"line":76,"column":50}},"23":{"start":{"line":77,"column":6},"end":{"line":77,"column":76}},"24":{"start":{"line":83,"column":2},"end":{"line":83,"column":54}},"25":{"start":{"line":83,"column":38},"end":{"line":83,"column":51}}},"fnMap":{"0":{"name":"returnMany","decl":{"start":{"line":43,"column":16},"end":{"line":43,"column":26}},"loc":{"start":{"line":43,"column":40},"end":{"line":53,"column":1}},"line":43},"1":{"name":"convert","decl":{"start":{"line":55,"column":16},"end":{"line":55,"column":23}},"loc":{"start":{"line":55,"column":32},"end":{"line":80,"column":1}},"line":55},"2":{"name":"minimalValue","decl":{"start":{"line":82,"column":16},"end":{"line":82,"column":28}},"loc":{"start":{"line":82,"column":37},"end":{"line":84,"column":1}},"line":82},"3":{"name":"(anonymous_3)","decl":{"start":{"line":83,"column":33},"end":{"line":83,"column":34}},"loc":{"start":{"line":83,"column":38},"end":{"line":83,"column":51}},"line":83}},"branchMap":{"0":{"loc":{"start":{"line":45,"column":2},"end":{"line":52,"column":3}},"type":"switch","locations":[{"start":{"line":46,"column":4},"end":{"line":47,"column":27}},{"start":{"line":48,"column":4},"end":{"line":49,"column":43}},{"start":{"line":50,"column":4},"end":{"line":51,"column":59}}],"line":45},"1":{"loc":{"start":{"line":56,"column":2},"end":{"line":59,"column":3}},"type":"if","locations":[{"start":{"line":56,"column":2},"end":{"line":59,"column":3}},{"start":{"line":56,"column":2},"end":{"line":59,"column":3}}],"line":56},"2":{"loc":{"start":{"line":56,"column":5},"end":{"line":56,"column":35}},"type":"binary-expr","locations":[{"start":{"line":56,"column":5},"end":{"line":56,"column":18}},{"start":{"line":56,"column":22},"end":{"line":56,"column":35}}],"line":56},"3":{"loc":{"start":{"line":61,"column":2},"end":{"line":61,"column":29}},"type":"if","locations":[{"start":{"line":61,"column":2},"end":{"line":61,"column":29}},{"start":{"line":61,"column":2},"end":{"line":61,"column":29}}],"line":61},"4":{"loc":{"start":{"line":62,"column":2},"end":{"line":79,"column":3}},"type":"if","locations":[{"start":{"line":62,"column":2},"end":{"line":79,"column":3}},{"start":{"line":62,"column":2},"end":{"line":79,"column":3}}],"line":62},"5":{"loc":{"start":{"line":64,"column":4},"end":{"line":69,"column":5}},"type":"if","locations":[{"start":{"line":64,"column":4},"end":{"line":69,"column":5}},{"start":{"line":64,"column":4},"end":{"line":69,"column":5}}],"line":64},"6":{"loc":{"start":{"line":72,"column":4},"end":{"line":78,"column":5}},"type":"if","locations":[{"start":{"line":72,"column":4},"end":{"line":78,"column":5}},{"start":{"line":72,"column":4},"end":{"line":78,"column":5}}],"line":72}},"s":{"0":1,"1":1,"2":1,"3":1,"4":1,"5":1,"6":15,"7":15,"8":11,"9":2,"10":2,"11":31,"12":0,"13":31,"14":31,"15":8,"16":23,"17":12,"18":7,"19":5,"20":11,"21":1,"22":10,"23":10,"24":36,"25":252},"f":{"0":15,"1":31,"2":36,"3":252},"b":{"0":[11,2,2],"1":[0,31],"2":[31,31],"3":[8,23],"4":[12,11],"5":[7,5],"6":[1,10]},"_coverageSchema":"43e27e138ebf9cfc5966b082cf9a028302ed4184","hash":"2709b1bd40516bd943628a7fd6856223b3d76556"}
}
