{"C:\\Users\\irons\\Desktop\\RecursiveRomanNumerals\\src\\roman-numeral-converter.js": {"path":"C:\\Users\\irons\\Desktop\\RecursiveRomanNumerals\\src\\roman-numeral-converter.js","statementMap":{"0":{"start":{"line":2,"column":0},"end":{"line":10,"column":1}},"1":{"start":{"line":12,"column":15},"end":{"line":12,"column":27}},"2":{"start":{"line":15,"column":0},"end":{"line":21,"column":1}},"3":{"start":{"line":24,"column":0},"end":{"line":28,"column":1}},"4":{"start":{"line":31,"column":0},"end":{"line":35,"column":1}},"5":{"start":{"line":38,"column":2},"end":{"line":38,"column":32}},"6":{"start":{"line":41,"column":0},"end":{"line":45,"column":1}},"7":{"start":{"line":48,"column":16},"end":{"line":48,"column":40}},"8":{"start":{"line":49,"column":2},"end":{"line":56,"column":3}},"9":{"start":{"line":51,"column":6},"end":{"line":51,"column":27}},"10":{"start":{"line":53,"column":6},"end":{"line":53,"column":43}},"11":{"start":{"line":55,"column":6},"end":{"line":55,"column":59}},"12":{"start":{"line":60,"column":14},"end":{"line":60,"column":34}},"13":{"start":{"line":61,"column":2},"end":{"line":61,"column":29}},"14":{"start":{"line":61,"column":19},"end":{"line":61,"column":29}},"15":{"start":{"line":63,"column":2},"end":{"line":79,"column":3}},"16":{"start":{"line":64,"column":4},"end":{"line":69,"column":5}},"17":{"start":{"line":65,"column":6},"end":{"line":65,"column":99}},"18":{"start":{"line":68,"column":6},"end":{"line":68,"column":55}},"19":{"start":{"line":72,"column":4},"end":{"line":78,"column":5}},"20":{"start":{"line":73,"column":6},"end":{"line":73,"column":81}},"21":{"start":{"line":76,"column":25},"end":{"line":76,"column":50}},"22":{"start":{"line":77,"column":6},"end":{"line":77,"column":74}},"23":{"start":{"line":84,"column":2},"end":{"line":84,"column":47}},"24":{"start":{"line":84,"column":31},"end":{"line":84,"column":44}},"25":{"start":{"line":85,"column":2},"end":{"line":85,"column":54}},"26":{"start":{"line":85,"column":38},"end":{"line":85,"column":51}}},"fnMap":{"0":{"name":"returnMany","decl":{"start":{"line":47,"column":9},"end":{"line":47,"column":19}},"loc":{"start":{"line":47,"column":33},"end":{"line":57,"column":1}},"line":47},"1":{"name":"convert","decl":{"start":{"line":59,"column":9},"end":{"line":59,"column":16}},"loc":{"start":{"line":59,"column":25},"end":{"line":80,"column":1}},"line":59},"2":{"name":"minimalValue","decl":{"start":{"line":83,"column":16},"end":{"line":83,"column":28}},"loc":{"start":{"line":83,"column":37},"end":{"line":86,"column":1}},"line":83},"3":{"name":"(anonymous_3)","decl":{"start":{"line":84,"column":26},"end":{"line":84,"column":27}},"loc":{"start":{"line":84,"column":31},"end":{"line":84,"column":44}},"line":84},"4":{"name":"(anonymous_4)","decl":{"start":{"line":85,"column":33},"end":{"line":85,"column":34}},"loc":{"start":{"line":85,"column":38},"end":{"line":85,"column":51}},"line":85}},"branchMap":{"0":{"loc":{"start":{"line":49,"column":2},"end":{"line":56,"column":3}},"type":"switch","locations":[{"start":{"line":50,"column":4},"end":{"line":51,"column":27}},{"start":{"line":52,"column":4},"end":{"line":53,"column":43}},{"start":{"line":54,"column":4},"end":{"line":55,"column":59}}],"line":49},"1":{"loc":{"start":{"line":61,"column":2},"end":{"line":61,"column":29}},"type":"if","locations":[{"start":{"line":61,"column":2},"end":{"line":61,"column":29}},{"start":{"line":61,"column":2},"end":{"line":61,"column":29}}],"line":61},"2":{"loc":{"start":{"line":63,"column":2},"end":{"line":79,"column":3}},"type":"if","locations":[{"start":{"line":63,"column":2},"end":{"line":79,"column":3}},{"start":{"line":63,"column":2},"end":{"line":79,"column":3}}],"line":63},"3":{"loc":{"start":{"line":64,"column":4},"end":{"line":69,"column":5}},"type":"if","locations":[{"start":{"line":64,"column":4},"end":{"line":69,"column":5}},{"start":{"line":64,"column":4},"end":{"line":69,"column":5}}],"line":64},"4":{"loc":{"start":{"line":72,"column":4},"end":{"line":78,"column":5}},"type":"if","locations":[{"start":{"line":72,"column":4},"end":{"line":78,"column":5}},{"start":{"line":72,"column":4},"end":{"line":78,"column":5}}],"line":72}},"s":{"0":1,"1":1,"2":1,"3":1,"4":1,"5":1,"6":1,"7":0,"8":0,"9":0,"10":0,"11":0,"12":0,"13":0,"14":0,"15":0,"16":0,"17":0,"18":0,"19":0,"20":0,"21":0,"22":0,"23":3,"24":21,"25":3,"26":21},"f":{"0":0,"1":0,"2":3,"3":21,"4":21},"b":{"0":[0,0,0],"1":[0,0],"2":[0,0],"3":[0,0],"4":[0,0]},"_coverageSchema":"43e27e138ebf9cfc5966b082cf9a028302ed4184","hash":"7059331c87a3c21e8ca95bfd978da397752827c2"}
}
