TN:
SF:C:\Users\irons\Desktop\RecursiveRomanNumerals\src\roman-numeral-converter.js
FN:47,returnMany
FN:59,convert
FN:83,minimalValue
FN:84,(anonymous_3)
FN:85,(anonymous_4)
FNF:5
FNH:3
FNDA:0,returnMany
FNDA:0,convert
FNDA:3,minimalValue
FNDA:21,(anonymous_3)
FNDA:21,(anonymous_4)
DA:2,1
DA:12,1
DA:15,1
DA:24,1
DA:31,1
DA:38,1
DA:41,1
DA:48,0
DA:49,0
DA:51,0
DA:53,0
DA:55,0
DA:60,0
DA:61,0
DA:63,0
DA:64,0
DA:65,0
DA:68,0
DA:72,0
DA:73,0
DA:76,0
DA:77,0
DA:84,21
DA:85,21
LF:24
LH:9
BRDA:49,0,0,0
BRDA:49,0,1,0
BRDA:49,0,2,0
BRDA:61,1,0,0
BRDA:61,1,1,0
BRDA:63,2,0,0
BRDA:63,2,1,0
BRDA:64,3,0,0
BRDA:64,3,1,0
BRDA:72,4,0,0
BRDA:72,4,1,0
BRF:11
BRH:0
end_of_record
