TN:
SF:C:\Users\irons\Desktop\RecursiveRomanNumerals\src\roman-numeral-converter.js
FN:43,returnMany
FN:55,convert
FN:82,minimalValue
FN:83,(anonymous_3)
FNF:4
FNH:4
FNDA:15,returnMany
FNDA:31,convert
FNDA:36,minimalValue
FNDA:252,(anonymous_3)
DA:2,1
DA:12,1
DA:15,1
DA:25,1
DA:32,1
DA:35,1
DA:44,15
DA:45,15
DA:47,11
DA:49,2
DA:51,2
DA:56,31
DA:58,0
DA:60,31
DA:61,31
DA:62,23
DA:64,12
DA:65,7
DA:68,5
DA:72,11
DA:73,1
DA:76,10
DA:77,10
DA:83,252
LF:24
LH:23
BRDA:45,0,0,11
BRDA:45,0,1,2
BRDA:45,0,2,2
BRDA:56,1,0,0
BRDA:56,1,1,31
BRDA:56,2,0,31
BRDA:56,2,1,31
BRDA:61,3,0,8
BRDA:61,3,1,23
BRDA:62,4,0,12
BRDA:62,4,1,11
BRDA:64,5,0,7
BRDA:64,5,1,5
BRDA:72,6,0,1
BRDA:72,6,1,10
BRF:15
BRH:14
end_of_record
